android/app/build/intermediates/manifest_merge_blame_file/debug/processDebugMainManifest/manifest-merger-blame-debug-report.txt
1<?xml version="1.0" encoding="utf-8"?>
2<manifest xmlns:android="http://schemas.android.com/apk/res/android"
3    package="com.forex_signals_analysis"
4    android:versionCode="1"
5    android:versionName="1.0" >
6
7    <uses-sdk
8        android:minSdkVersion="23"
9        android:targetSdkVersion="34" />
10
11    <uses-permission android:name="android.permission.INTERNET" />
11-->src\main\AndroidManifest.xml:3:5-67
11-->src\main\AndroidManifest.xml:3:22-64
12    <!--
13    This manifest file is used only by Gradle to configure debug-only capabilities
14    for React Native Apps.
15    -->
16    <uses-permission android:name="android.permission.SYSTEM_ALERT_WINDOW" /> <!-- Create a unique permission for your app and use it so only your app can receive your OneSignal messages. -->
16-->[com.facebook.react:react-android:0.75.2] AndroidManifest.xml:16:5-78
16-->[com.facebook.react:react-android:0.75.2] AndroidManifest.xml:16:22-75
17    <permission
17-->[com.onesignal:notifications:5.1.25] AndroidManifest.xml:10:5-12:47
18        android:name="com.forex_signals_analysis.permission.C2D_MESSAGE"
18-->[com.onesignal:notifications:5.1.25] AndroidManifest.xml:11:9-63
19        android:protectionLevel="signature" />
19-->[com.onesignal:notifications:5.1.25] AndroidManifest.xml:12:9-44
20
21    <uses-permission android:name="com.forex_signals_analysis.permission.C2D_MESSAGE" /> <!-- Required runtime permission to display notifications on Android 13 -->
21-->[com.onesignal:notifications:5.1.25] AndroidManifest.xml:14:5-79
21-->[com.onesignal:notifications:5.1.25] AndroidManifest.xml:14:22-76
22    <uses-permission android:name="android.permission.POST_NOTIFICATIONS" /> <!-- Required, makes sure notifications are delivered on time. -->
22-->[com.onesignal:notifications:5.1.25] AndroidManifest.xml:17:5-77
22-->[com.onesignal:notifications:5.1.25] AndroidManifest.xml:17:22-74
23    <uses-permission android:name="android.permission.WAKE_LOCK" /> <!-- c2dm RECEIVE are basic requirements for push messages through Google's FCM -->
23-->[com.onesignal:notifications:5.1.25] AndroidManifest.xml:18:5-68
23-->[com.onesignal:notifications:5.1.25] AndroidManifest.xml:18:22-65
24    <uses-permission android:name="com.google.android.c2dm.permission.RECEIVE" />
24-->[com.onesignal:notifications:5.1.25] AndroidManifest.xml:19:5-82
24-->[com.onesignal:notifications:5.1.25] AndroidManifest.xml:19:22-79
25    <!--
26 Required so the device vibrates on receiving a push notification.
27         Vibration settings of the device still apply.
28    -->
29    <uses-permission android:name="android.permission.VIBRATE" />
29-->[com.onesignal:notifications:5.1.25] AndroidManifest.xml:24:5-66
29-->[com.onesignal:notifications:5.1.25] AndroidManifest.xml:24:22-63
30    <!--
31 Use to restore notifications the user hasn't interacted with.
32     They could be missed notifications if the user reboots their device if this isn't in place.
33    -->
34    <uses-permission android:name="android.permission.RECEIVE_BOOT_COMPLETED" /> <!-- START: ShortcutBadger -->
34-->[com.onesignal:notifications:5.1.25] AndroidManifest.xml:29:5-81
34-->[com.onesignal:notifications:5.1.25] AndroidManifest.xml:29:22-78
35    <!-- Samsung -->
36    <uses-permission android:name="com.sec.android.provider.badge.permission.READ" />
36-->[com.onesignal:notifications:5.1.25] AndroidManifest.xml:31:5-86
36-->[com.onesignal:notifications:5.1.25] AndroidManifest.xml:31:22-83
37    <uses-permission android:name="com.sec.android.provider.badge.permission.WRITE" /> <!-- HTC -->
37-->[com.onesignal:notifications:5.1.25] AndroidManifest.xml:32:5-87
37-->[com.onesignal:notifications:5.1.25] AndroidManifest.xml:32:22-84
38    <uses-permission android:name="com.htc.launcher.permission.READ_SETTINGS" />
38-->[com.onesignal:notifications:5.1.25] AndroidManifest.xml:33:5-81
38-->[com.onesignal:notifications:5.1.25] AndroidManifest.xml:33:22-78
39    <uses-permission android:name="com.htc.launcher.permission.UPDATE_SHORTCUT" /> <!-- Sony -->
39-->[com.onesignal:notifications:5.1.25] AndroidManifest.xml:34:5-83
39-->[com.onesignal:notifications:5.1.25] AndroidManifest.xml:34:22-80
40    <uses-permission android:name="com.sonyericsson.home.permission.BROADCAST_BADGE" />
40-->[com.onesignal:notifications:5.1.25] AndroidManifest.xml:35:5-88
40-->[com.onesignal:notifications:5.1.25] AndroidManifest.xml:35:22-85
41    <uses-permission android:name="com.sonymobile.home.permission.PROVIDER_INSERT_BADGE" /> <!-- Apex -->
41-->[com.onesignal:notifications:5.1.25] AndroidManifest.xml:36:5-92
41-->[com.onesignal:notifications:5.1.25] AndroidManifest.xml:36:22-89
42    <uses-permission android:name="com.anddoes.launcher.permission.UPDATE_COUNT" /> <!-- Solid -->
42-->[com.onesignal:notifications:5.1.25] AndroidManifest.xml:37:5-84
42-->[com.onesignal:notifications:5.1.25] AndroidManifest.xml:37:22-81
43    <uses-permission android:name="com.majeur.launcher.permission.UPDATE_BADGE" /> <!-- Huawei -->
43-->[com.onesignal:notifications:5.1.25] AndroidManifest.xml:38:5-83
43-->[com.onesignal:notifications:5.1.25] AndroidManifest.xml:38:22-80
44    <uses-permission android:name="com.huawei.android.launcher.permission.CHANGE_BADGE" />
44-->[com.onesignal:notifications:5.1.25] AndroidManifest.xml:39:5-91
44-->[com.onesignal:notifications:5.1.25] AndroidManifest.xml:39:22-88
45    <uses-permission android:name="com.huawei.android.launcher.permission.READ_SETTINGS" />
45-->[com.onesignal:notifications:5.1.25] AndroidManifest.xml:40:5-92
45-->[com.onesignal:notifications:5.1.25] AndroidManifest.xml:40:22-89
46    <uses-permission android:name="com.huawei.android.launcher.permission.WRITE_SETTINGS" /> <!-- ZUK -->
46-->[com.onesignal:notifications:5.1.25] AndroidManifest.xml:41:5-93
46-->[com.onesignal:notifications:5.1.25] AndroidManifest.xml:41:22-90
47    <uses-permission android:name="android.permission.READ_APP_BADGE" /> <!-- OPPO -->
47-->[com.onesignal:notifications:5.1.25] AndroidManifest.xml:42:5-73
47-->[com.onesignal:notifications:5.1.25] AndroidManifest.xml:42:22-70
48    <uses-permission android:name="com.oppo.launcher.permission.READ_SETTINGS" />
48-->[com.onesignal:notifications:5.1.25] AndroidManifest.xml:43:5-82
48-->[com.onesignal:notifications:5.1.25] AndroidManifest.xml:43:22-79
49    <uses-permission android:name="com.oppo.launcher.permission.WRITE_SETTINGS" /> <!-- EvMe -->
49-->[com.onesignal:notifications:5.1.25] AndroidManifest.xml:44:5-83
49-->[com.onesignal:notifications:5.1.25] AndroidManifest.xml:44:22-80
50    <uses-permission android:name="me.everything.badger.permission.BADGE_COUNT_READ" />
50-->[com.onesignal:notifications:5.1.25] AndroidManifest.xml:45:5-88
50-->[com.onesignal:notifications:5.1.25] AndroidManifest.xml:45:22-85
51    <uses-permission android:name="me.everything.badger.permission.BADGE_COUNT_WRITE" />
51-->[com.onesignal:notifications:5.1.25] AndroidManifest.xml:46:5-89
51-->[com.onesignal:notifications:5.1.25] AndroidManifest.xml:46:22-86
52    <uses-permission android:name="android.permission.ACCESS_NETWORK_STATE" />
52-->[com.onesignal:core:5.1.25] AndroidManifest.xml:10:5-79
52-->[com.onesignal:core:5.1.25] AndroidManifest.xml:10:22-76
53    <uses-permission android:name="android.permission.FOREGROUND_SERVICE" />
53-->[androidx.work:work-runtime:2.8.1] AndroidManifest.xml:26:5-77
53-->[androidx.work:work-runtime:2.8.1] AndroidManifest.xml:26:22-74
54
55    <permission
55-->[androidx.core:core:1.9.0] AndroidManifest.xml:22:5-24:47
56        android:name="com.forex_signals_analysis.DYNAMIC_RECEIVER_NOT_EXPORTED_PERMISSION"
56-->[androidx.core:core:1.9.0] AndroidManifest.xml:23:9-81
57        android:protectionLevel="signature" />
57-->[androidx.core:core:1.9.0] AndroidManifest.xml:24:9-44
58
59    <uses-permission android:name="com.forex_signals_analysis.DYNAMIC_RECEIVER_NOT_EXPORTED_PERMISSION" />
59-->[androidx.core:core:1.9.0] AndroidManifest.xml:26:5-97
59-->[androidx.core:core:1.9.0] AndroidManifest.xml:26:22-94
60
61    <application
61-->src\main\AndroidManifest.xml:5:5-25:19
62        android:name="com.forex_signals_analysis.MainApplication"
62-->src\main\AndroidManifest.xml:6:7-38
63        android:allowBackup="false"
63-->src\main\AndroidManifest.xml:10:7-34
64        android:appComponentFactory="androidx.core.app.CoreComponentFactory"
64-->[androidx.core:core:1.9.0] AndroidManifest.xml:28:18-86
65        android:debuggable="true"
66        android:extractNativeLibs="false"
67        android:icon="@mipmap/ic_launcher"
67-->src\main\AndroidManifest.xml:8:7-41
68        android:label="@string/app_name"
68-->src\main\AndroidManifest.xml:7:7-39
69        android:roundIcon="@mipmap/ic_launcher_round"
69-->src\main\AndroidManifest.xml:9:7-52
70        android:supportsRtl="true"
70-->src\main\AndroidManifest.xml:12:7-33
71        android:testOnly="true"
72        android:theme="@style/AppTheme"
72-->src\main\AndroidManifest.xml:11:7-38
73        android:usesCleartextTraffic="true" >
73-->src\debug\AndroidManifest.xml:6:9-44
74        <activity
74-->src\main\AndroidManifest.xml:13:7-24:18
75            android:name="com.forex_signals_analysis.MainActivity"
75-->src\main\AndroidManifest.xml:14:9-37
76            android:configChanges="keyboard|keyboardHidden|orientation|screenLayout|screenSize|smallestScreenSize|uiMode"
76-->src\main\AndroidManifest.xml:16:9-118
77            android:exported="true"
77-->src\main\AndroidManifest.xml:19:9-32
78            android:label="@string/app_name"
78-->src\main\AndroidManifest.xml:15:9-41
79            android:launchMode="singleTask"
79-->src\main\AndroidManifest.xml:17:9-40
80            android:windowSoftInputMode="adjustResize" >
80-->src\main\AndroidManifest.xml:18:9-51
81            <intent-filter>
81-->src\main\AndroidManifest.xml:20:9-23:25
82                <action android:name="android.intent.action.MAIN" />
82-->src\main\AndroidManifest.xml:21:13-65
82-->src\main\AndroidManifest.xml:21:21-62
83
84                <category android:name="android.intent.category.LAUNCHER" />
84-->src\main\AndroidManifest.xml:22:13-73
84-->src\main\AndroidManifest.xml:22:23-70
85            </intent-filter>
86        </activity>
87
88        <provider
88-->[:react-native-share] AndroidManifest.xml:8:9-16:20
89            android:name="cl.json.RNShareFileProvider"
89-->[:react-native-share] AndroidManifest.xml:9:13-55
90            android:authorities="com.forex_signals_analysis.rnshare.fileprovider"
90-->[:react-native-share] AndroidManifest.xml:10:13-72
91            android:exported="false"
91-->[:react-native-share] AndroidManifest.xml:11:13-37
92            android:grantUriPermissions="true" >
92-->[:react-native-share] AndroidManifest.xml:12:13-47
93            <meta-data
93-->[:react-native-share] AndroidManifest.xml:13:13-15:64
94                android:name="android.support.FILE_PROVIDER_PATHS"
94-->[:react-native-share] AndroidManifest.xml:14:17-67
95                android:resource="@xml/share_download_paths" />
95-->[:react-native-share] AndroidManifest.xml:15:17-61
96        </provider>
97
98        <activity
98-->[com.facebook.react:react-android:0.75.2] AndroidManifest.xml:19:9-21:40
99            android:name="com.facebook.react.devsupport.DevSettingsActivity"
99-->[com.facebook.react:react-android:0.75.2] AndroidManifest.xml:20:13-77
100            android:exported="false" />
100-->[com.facebook.react:react-android:0.75.2] AndroidManifest.xml:21:13-37
101
102        <receiver
102-->[com.onesignal:notifications:5.1.25] AndroidManifest.xml:49:9-60:20
103            android:name="com.onesignal.notifications.receivers.FCMBroadcastReceiver"
103-->[com.onesignal:notifications:5.1.25] AndroidManifest.xml:50:13-86
104            android:exported="true"
104-->[com.onesignal:notifications:5.1.25] AndroidManifest.xml:51:13-36
105            android:permission="com.google.android.c2dm.permission.SEND" >
105-->[com.onesignal:notifications:5.1.25] AndroidManifest.xml:52:13-73
106
107            <!-- High priority so OneSignal payloads can be filtered from other FCM receivers -->
108            <intent-filter android:priority="999" >
108-->[com.onesignal:notifications:5.1.25] AndroidManifest.xml:55:13-59:29
108-->[com.onesignal:notifications:5.1.25] AndroidManifest.xml:55:28-50
109                <action android:name="com.google.android.c2dm.intent.RECEIVE" />
109-->[com.onesignal:notifications:5.1.25] AndroidManifest.xml:56:17-81
109-->[com.onesignal:notifications:5.1.25] AndroidManifest.xml:56:25-78
110
111                <category android:name="com.forex_signals_analysis" />
111-->[com.onesignal:notifications:5.1.25] AndroidManifest.xml:58:17-61
111-->[com.onesignal:notifications:5.1.25] AndroidManifest.xml:58:27-58
112            </intent-filter>
113        </receiver>
114
115        <service
115-->[com.onesignal:notifications:5.1.25] AndroidManifest.xml:62:9-68:19
116            android:name="com.onesignal.notifications.services.HmsMessageServiceOneSignal"
116-->[com.onesignal:notifications:5.1.25] AndroidManifest.xml:63:13-91
117            android:exported="false" >
117-->[com.onesignal:notifications:5.1.25] AndroidManifest.xml:64:13-37
118            <intent-filter>
118-->[com.onesignal:notifications:5.1.25] AndroidManifest.xml:65:13-67:29
119                <action android:name="com.huawei.push.action.MESSAGING_EVENT" />
119-->[com.onesignal:notifications:5.1.25] AndroidManifest.xml:66:17-81
119-->[com.onesignal:notifications:5.1.25] AndroidManifest.xml:66:25-78
120            </intent-filter>
121        </service>
122
123        <activity
123-->[com.onesignal:notifications:5.1.25] AndroidManifest.xml:70:9-78:20
124            android:name="com.onesignal.notifications.activities.NotificationOpenedActivityHMS"
124-->[com.onesignal:notifications:5.1.25] AndroidManifest.xml:71:13-96
125            android:exported="true"
125-->[com.onesignal:notifications:5.1.25] AndroidManifest.xml:72:13-36
126            android:noHistory="true"
126-->[com.onesignal:notifications:5.1.25] AndroidManifest.xml:73:13-37
127            android:theme="@android:style/Theme.Translucent.NoTitleBar" >
127-->[com.onesignal:notifications:5.1.25] AndroidManifest.xml:74:13-72
128            <intent-filter>
128-->[com.onesignal:notifications:5.1.25] AndroidManifest.xml:75:13-77:29
129                <action android:name="android.intent.action.VIEW" />
129-->[com.onesignal:notifications:5.1.25] AndroidManifest.xml:76:17-69
129-->[com.onesignal:notifications:5.1.25] AndroidManifest.xml:76:25-66
130            </intent-filter>
131        </activity>
132
133        <receiver
133-->[com.onesignal:notifications:5.1.25] AndroidManifest.xml:80:9-82:39
134            android:name="com.onesignal.notifications.receivers.NotificationDismissReceiver"
134-->[com.onesignal:notifications:5.1.25] AndroidManifest.xml:81:13-93
135            android:exported="true" />
135-->[com.onesignal:notifications:5.1.25] AndroidManifest.xml:82:13-36
136        <receiver
136-->[com.onesignal:notifications:5.1.25] AndroidManifest.xml:83:9-90:20
137            android:name="com.onesignal.notifications.receivers.BootUpReceiver"
137-->[com.onesignal:notifications:5.1.25] AndroidManifest.xml:84:13-80
138            android:exported="true" >
138-->[com.onesignal:notifications:5.1.25] AndroidManifest.xml:85:13-36
139            <intent-filter>
139-->[com.onesignal:notifications:5.1.25] AndroidManifest.xml:86:13-89:29
140                <action android:name="android.intent.action.BOOT_COMPLETED" />
140-->[com.onesignal:notifications:5.1.25] AndroidManifest.xml:87:17-79
140-->[com.onesignal:notifications:5.1.25] AndroidManifest.xml:87:25-76
141                <action android:name="android.intent.action.QUICKBOOT_POWERON" />
141-->[com.onesignal:notifications:5.1.25] AndroidManifest.xml:88:17-82
141-->[com.onesignal:notifications:5.1.25] AndroidManifest.xml:88:25-79
142            </intent-filter>
143        </receiver>
144        <receiver
144-->[com.onesignal:notifications:5.1.25] AndroidManifest.xml:91:9-97:20
145            android:name="com.onesignal.notifications.receivers.UpgradeReceiver"
145-->[com.onesignal:notifications:5.1.25] AndroidManifest.xml:92:13-81
146            android:exported="true" >
146-->[com.onesignal:notifications:5.1.25] AndroidManifest.xml:93:13-36
147            <intent-filter>
147-->[com.onesignal:notifications:5.1.25] AndroidManifest.xml:94:13-96:29
148                <action android:name="android.intent.action.MY_PACKAGE_REPLACED" />
148-->[com.onesignal:notifications:5.1.25] AndroidManifest.xml:95:17-84
148-->[com.onesignal:notifications:5.1.25] AndroidManifest.xml:95:25-81
149            </intent-filter>
150        </receiver>
151
152        <activity
152-->[com.onesignal:notifications:5.1.25] AndroidManifest.xml:99:9-105:75
153            android:name="com.onesignal.notifications.activities.NotificationOpenedActivity"
153-->[com.onesignal:notifications:5.1.25] AndroidManifest.xml:100:13-93
154            android:excludeFromRecents="true"
154-->[com.onesignal:notifications:5.1.25] AndroidManifest.xml:101:13-46
155            android:exported="true"
155-->[com.onesignal:notifications:5.1.25] AndroidManifest.xml:102:13-36
156            android:noHistory="true"
156-->[com.onesignal:notifications:5.1.25] AndroidManifest.xml:103:13-37
157            android:taskAffinity=""
157-->[com.onesignal:notifications:5.1.25] AndroidManifest.xml:104:13-36
158            android:theme="@android:style/Theme.Translucent.NoTitleBar" />
158-->[com.onesignal:notifications:5.1.25] AndroidManifest.xml:105:13-72
159        <activity
159-->[com.onesignal:notifications:5.1.25] AndroidManifest.xml:106:9-111:75
160            android:name="com.onesignal.notifications.activities.NotificationOpenedActivityAndroid22AndOlder"
160-->[com.onesignal:notifications:5.1.25] AndroidManifest.xml:107:13-110
161            android:excludeFromRecents="true"
161-->[com.onesignal:notifications:5.1.25] AndroidManifest.xml:108:13-46
162            android:exported="true"
162-->[com.onesignal:notifications:5.1.25] AndroidManifest.xml:109:13-36
163            android:noHistory="true"
163-->[com.onesignal:notifications:5.1.25] AndroidManifest.xml:110:13-37
164            android:theme="@android:style/Theme.Translucent.NoTitleBar" />
164-->[com.onesignal:notifications:5.1.25] AndroidManifest.xml:111:13-72
165
166        <service
166-->[com.onesignal:core:5.1.25] AndroidManifest.xml:13:9-16:72
167            android:name="com.onesignal.core.services.SyncJobService"
167-->[com.onesignal:core:5.1.25] AndroidManifest.xml:14:13-70
168            android:exported="false"
168-->[com.onesignal:core:5.1.25] AndroidManifest.xml:15:13-37
169            android:permission="android.permission.BIND_JOB_SERVICE" />
169-->[com.onesignal:core:5.1.25] AndroidManifest.xml:16:13-69
170
171        <activity
171-->[com.onesignal:core:5.1.25] AndroidManifest.xml:18:9-21:75
172            android:name="com.onesignal.core.activities.PermissionsActivity"
172-->[com.onesignal:core:5.1.25] AndroidManifest.xml:19:13-77
173            android:exported="false"
173-->[com.onesignal:core:5.1.25] AndroidManifest.xml:20:13-37
174            android:theme="@android:style/Theme.Translucent.NoTitleBar" />
174-->[com.onesignal:core:5.1.25] AndroidManifest.xml:21:13-72
175
176        <receiver
176-->[com.google.firebase:firebase-messaging:23.4.0] AndroidManifest.xml:29:9-40:20
177            android:name="com.google.firebase.iid.FirebaseInstanceIdReceiver"
177-->[com.google.firebase:firebase-messaging:23.4.0] AndroidManifest.xml:30:13-78
178            android:exported="true"
178-->[com.google.firebase:firebase-messaging:23.4.0] AndroidManifest.xml:31:13-36
179            android:permission="com.google.android.c2dm.permission.SEND" >
179-->[com.google.firebase:firebase-messaging:23.4.0] AndroidManifest.xml:32:13-73
180            <intent-filter>
180-->[com.google.firebase:firebase-messaging:23.4.0] AndroidManifest.xml:33:13-35:29
181                <action android:name="com.google.android.c2dm.intent.RECEIVE" />
181-->[com.onesignal:notifications:5.1.25] AndroidManifest.xml:56:17-81
181-->[com.onesignal:notifications:5.1.25] AndroidManifest.xml:56:25-78
182            </intent-filter>
183
184            <meta-data
184-->[com.google.firebase:firebase-messaging:23.4.0] AndroidManifest.xml:37:13-39:40
185                android:name="com.google.android.gms.cloudmessaging.FINISHED_AFTER_HANDLED"
185-->[com.google.firebase:firebase-messaging:23.4.0] AndroidManifest.xml:38:17-92
186                android:value="true" />
186-->[com.google.firebase:firebase-messaging:23.4.0] AndroidManifest.xml:39:17-37
187        </receiver>
188        <!--
189             FirebaseMessagingService performs security checks at runtime,
190             but set to not exported to explicitly avoid allowing another app to call it.
191        -->
192        <service
192-->[com.google.firebase:firebase-messaging:23.4.0] AndroidManifest.xml:46:9-53:19
193            android:name="com.google.firebase.messaging.FirebaseMessagingService"
193-->[com.google.firebase:firebase-messaging:23.4.0] AndroidManifest.xml:47:13-82
194            android:directBootAware="true"
194-->[com.google.firebase:firebase-messaging:23.4.0] AndroidManifest.xml:48:13-43
195            android:exported="false" >
195-->[com.google.firebase:firebase-messaging:23.4.0] AndroidManifest.xml:49:13-37
196            <intent-filter android:priority="-500" >
196-->[com.google.firebase:firebase-messaging:23.4.0] AndroidManifest.xml:50:13-52:29
196-->[com.google.firebase:firebase-messaging:23.4.0] AndroidManifest.xml:50:28-51
197                <action android:name="com.google.firebase.MESSAGING_EVENT" />
197-->[com.google.firebase:firebase-messaging:23.4.0] AndroidManifest.xml:51:17-78
197-->[com.google.firebase:firebase-messaging:23.4.0] AndroidManifest.xml:51:25-75
198            </intent-filter>
199        </service>
200        <service
200-->[com.google.firebase:firebase-messaging:23.4.0] AndroidManifest.xml:54:9-63:19
201            android:name="com.google.firebase.components.ComponentDiscoveryService"
201-->[com.google.firebase:firebase-messaging:23.4.0] AndroidManifest.xml:55:13-84
202            android:directBootAware="true"
202-->[com.google.firebase:firebase-common:20.4.2] AndroidManifest.xml:32:13-43
203            android:exported="false" >
203-->[com.google.firebase:firebase-messaging:23.4.0] AndroidManifest.xml:56:13-37
204            <meta-data
204-->[com.google.firebase:firebase-messaging:23.4.0] AndroidManifest.xml:57:13-59:85
205                android:name="com.google.firebase.components:com.google.firebase.messaging.FirebaseMessagingKtxRegistrar"
205-->[com.google.firebase:firebase-messaging:23.4.0] AndroidManifest.xml:58:17-122
206                android:value="com.google.firebase.components.ComponentRegistrar" />
206-->[com.google.firebase:firebase-messaging:23.4.0] AndroidManifest.xml:59:17-82
207            <meta-data
207-->[com.google.firebase:firebase-messaging:23.4.0] AndroidManifest.xml:60:13-62:85
208                android:name="com.google.firebase.components:com.google.firebase.messaging.FirebaseMessagingRegistrar"
208-->[com.google.firebase:firebase-messaging:23.4.0] AndroidManifest.xml:61:17-119
209                android:value="com.google.firebase.components.ComponentRegistrar" />
209-->[com.google.firebase:firebase-messaging:23.4.0] AndroidManifest.xml:62:17-82
210            <meta-data
210-->[com.google.firebase:firebase-installations:17.2.0] AndroidManifest.xml:15:13-17:85
211                android:name="com.google.firebase.components:com.google.firebase.installations.FirebaseInstallationsKtxRegistrar"
211-->[com.google.firebase:firebase-installations:17.2.0] AndroidManifest.xml:16:17-130
212                android:value="com.google.firebase.components.ComponentRegistrar" />
212-->[com.google.firebase:firebase-installations:17.2.0] AndroidManifest.xml:17:17-82
213            <meta-data
213-->[com.google.firebase:firebase-installations:17.2.0] AndroidManifest.xml:18:13-20:85
214                android:name="com.google.firebase.components:com.google.firebase.installations.FirebaseInstallationsRegistrar"
214-->[com.google.firebase:firebase-installations:17.2.0] AndroidManifest.xml:19:17-127
215                android:value="com.google.firebase.components.ComponentRegistrar" />
215-->[com.google.firebase:firebase-installations:17.2.0] AndroidManifest.xml:20:17-82
216            <meta-data
216-->[com.google.firebase:firebase-common-ktx:20.4.2] AndroidManifest.xml:12:13-14:85
217                android:name="com.google.firebase.components:com.google.firebase.ktx.FirebaseCommonLegacyRegistrar"
217-->[com.google.firebase:firebase-common-ktx:20.4.2] AndroidManifest.xml:13:17-116
218                android:value="com.google.firebase.components.ComponentRegistrar" />
218-->[com.google.firebase:firebase-common-ktx:20.4.2] AndroidManifest.xml:14:17-82
219            <meta-data
219-->[com.google.firebase:firebase-common:20.4.2] AndroidManifest.xml:35:13-37:85
220                android:name="com.google.firebase.components:com.google.firebase.FirebaseCommonKtxRegistrar"
220-->[com.google.firebase:firebase-common:20.4.2] AndroidManifest.xml:36:17-109
221                android:value="com.google.firebase.components.ComponentRegistrar" />
221-->[com.google.firebase:firebase-common:20.4.2] AndroidManifest.xml:37:17-82
222            <meta-data
222-->[com.google.firebase:firebase-datatransport:18.1.7] AndroidManifest.xml:27:13-29:85
223                android:name="com.google.firebase.components:com.google.firebase.datatransport.TransportRegistrar"
223-->[com.google.firebase:firebase-datatransport:18.1.7] AndroidManifest.xml:28:17-115
224                android:value="com.google.firebase.components.ComponentRegistrar" />
224-->[com.google.firebase:firebase-datatransport:18.1.7] AndroidManifest.xml:29:17-82
225        </service>
226
227        <activity
227-->[com.google.android.gms:play-services-base:18.0.1] AndroidManifest.xml:20:9-22:45
228            android:name="com.google.android.gms.common.api.GoogleApiActivity"
228-->[com.google.android.gms:play-services-base:18.0.1] AndroidManifest.xml:20:19-85
229            android:exported="false"
229-->[com.google.android.gms:play-services-base:18.0.1] AndroidManifest.xml:22:19-43
230            android:theme="@android:style/Theme.Translucent.NoTitleBar" />
230-->[com.google.android.gms:play-services-base:18.0.1] AndroidManifest.xml:21:19-78
231
232        <provider
232-->[com.google.firebase:firebase-common:20.4.2] AndroidManifest.xml:23:9-28:39
233            android:name="com.google.firebase.provider.FirebaseInitProvider"
233-->[com.google.firebase:firebase-common:20.4.2] AndroidManifest.xml:24:13-77
234            android:authorities="com.forex_signals_analysis.firebaseinitprovider"
234-->[com.google.firebase:firebase-common:20.4.2] AndroidManifest.xml:25:13-72
235            android:directBootAware="true"
235-->[com.google.firebase:firebase-common:20.4.2] AndroidManifest.xml:26:13-43
236            android:exported="false"
236-->[com.google.firebase:firebase-common:20.4.2] AndroidManifest.xml:27:13-37
237            android:initOrder="100" />
237-->[com.google.firebase:firebase-common:20.4.2] AndroidManifest.xml:28:13-36
238        <provider
238-->[androidx.emoji2:emoji2:1.2.0] AndroidManifest.xml:24:9-32:20
239            android:name="androidx.startup.InitializationProvider"
239-->[androidx.emoji2:emoji2:1.2.0] AndroidManifest.xml:25:13-67
240            android:authorities="com.forex_signals_analysis.androidx-startup"
240-->[androidx.emoji2:emoji2:1.2.0] AndroidManifest.xml:26:13-68
241            android:exported="false" >
241-->[androidx.emoji2:emoji2:1.2.0] AndroidManifest.xml:27:13-37
242            <meta-data
242-->[androidx.emoji2:emoji2:1.2.0] AndroidManifest.xml:29:13-31:52
243                android:name="androidx.emoji2.text.EmojiCompatInitializer"
243-->[androidx.emoji2:emoji2:1.2.0] AndroidManifest.xml:30:17-75
244                android:value="androidx.startup" />
244-->[androidx.emoji2:emoji2:1.2.0] AndroidManifest.xml:31:17-49
245            <meta-data
245-->[androidx.work:work-runtime:2.8.1] AndroidManifest.xml:34:13-36:52
246                android:name="androidx.work.WorkManagerInitializer"
246-->[androidx.work:work-runtime:2.8.1] AndroidManifest.xml:35:17-68
247                android:value="androidx.startup" />
247-->[androidx.work:work-runtime:2.8.1] AndroidManifest.xml:36:17-49
248            <meta-data
248-->[androidx.lifecycle:lifecycle-process:2.6.1] AndroidManifest.xml:29:13-31:52
249                android:name="androidx.lifecycle.ProcessLifecycleInitializer"
249-->[androidx.lifecycle:lifecycle-process:2.6.1] AndroidManifest.xml:30:17-78
250                android:value="androidx.startup" />
250-->[androidx.lifecycle:lifecycle-process:2.6.1] AndroidManifest.xml:31:17-49
251            <meta-data
251-->[androidx.profileinstaller:profileinstaller:1.3.0] AndroidManifest.xml:29:13-31:52
252                android:name="androidx.profileinstaller.ProfileInstallerInitializer"
252-->[androidx.profileinstaller:profileinstaller:1.3.0] AndroidManifest.xml:30:17-85
253                android:value="androidx.startup" />
253-->[androidx.profileinstaller:profileinstaller:1.3.0] AndroidManifest.xml:31:17-49
254        </provider>
255
256        <service
256-->[androidx.work:work-runtime:2.8.1] AndroidManifest.xml:39:9-45:35
257            android:name="androidx.work.impl.background.systemalarm.SystemAlarmService"
257-->[androidx.work:work-runtime:2.8.1] AndroidManifest.xml:40:13-88
258            android:directBootAware="false"
258-->[androidx.work:work-runtime:2.8.1] AndroidManifest.xml:41:13-44
259            android:enabled="@bool/enable_system_alarm_service_default"
259-->[androidx.work:work-runtime:2.8.1] AndroidManifest.xml:42:13-72
260            android:exported="false" />
260-->[androidx.work:work-runtime:2.8.1] AndroidManifest.xml:43:13-37